<?xml version="1.0" encoding="UTF-8" standalone="no"?>
<entries>
	<!-- This XML contains statistics about execution times. -->
	<!-- Submitted results will help the developers to optimize the server. -->
	<entry average="17,202,330,925" count=    "4" total="68,809,323,700" class="GameServer$2"                                               method="run()"               min="12,048,952,500" max="21,028,400,100" />
	<entry average="16,647,760,600" count=    "2" total="33,295,521,200" class="utils.chathandlers.ChatProcessor$1"                         method="run()"               min="15,430,729,700" max="17,864,791,500" />
	<entry average= "1,082,307,500" count=    "1" total= "1,082,307,500" class="services.player.PlayerEnterWorldService$1"                  method="run()"               min= "1,082,307,500" max= "1,082,307,500" />
	<entry average=   "342,606,900" count=    "1" total=   "342,606,900" class="network.aion.clientpackets.CM_DIALOG_SELECT"                method="run()"               min=   "342,606,900" max=   "342,606,900" />
	<entry average=   "287,543,700" count=    "1" total=   "287,543,700" class="network.aion.serverpackets.SM_CHARACTER_LIST"               method="runImpl()"           min=   "287,543,700" max=   "287,543,700" />
	<entry average=   "270,770,900" count=    "1" total=   "270,770,900" class="services.rift.RiftOpenRunnable"                             method="run()"               min=   "270,770,900" max=   "270,770,900" />
	<entry average=   "217,710,700" count=    "1" total=   "217,710,700" class="services.SiegeService$5"                                    method="run()"               min=   "217,710,700" max=   "217,710,700" />
	<entry average=   "149,789,500" count=    "1" total=   "149,789,500" class="services.abyss.AbyssRankUpdateService$1"                    method="run()"               min=   "149,789,500" max=   "149,789,500" />
	<entry average=   "134,628,650" count=    "2" total=   "269,257,300" class="world.MapRegion$1"                                          method="run()"               min=   "102,875,000" max=   "166,382,300" />
	<entry average=   "129,606,966" count=    "3" total=   "388,820,900" class="network.aion.serverpackets.SM_INVENTORY_ADD_ITEM"           method="runImpl()"           min=       "102,600" max=   "381,802,800" />
	<entry average=    "78,167,400" count=    "1" total=    "78,167,400" class="network.loginserver.clientpackets.CM_ACOUNT_AUTH_RESPONSE"  method="run()"               min=    "78,167,400" max=    "78,167,400" />
	<entry average=    "65,860,150" count=    "2" total=   "131,720,300" class="network.aion.clientpackets.CM_LEVEL_READY"                  method="run()"               min=    "20,416,300" max=   "111,304,000" />
	<entry average=    "56,847,116" count=    "6" total=   "341,082,700" class="services.siegeservice.SiegeStartRunnable"                   method="run()"               min=         "4,800" max=   "180,429,900" />
	<entry average=    "47,921,450" count=    "2" total=    "95,842,900" class="network.aion.serverpackets.SM_PLAYER_SPAWN"                 method="runImpl()"           min=        "56,200" max=    "95,786,700" />
	<entry average=    "43,601,500" count=    "1" total=    "43,601,500" class="network.aion.clientpackets.CM_PING"                         method="run()"               min=    "43,601,500" max=    "43,601,500" />
	<entry average=    "41,068,800" count=    "1" total=    "41,068,800" class="com.aionemu.commons.network.DisconnectionTask"              method="run()"               min=    "41,068,800" max=    "41,068,800" />
	<entry average=    "32,302,142" count=    "7" total=   "226,115,000" class="skillengine.model.Skill$2"                                  method="run()"               min=    "23,733,500" max=    "72,131,000" />
	<entry average=    "20,682,400" count=    "1" total=    "20,682,400" class="services.SiegeService$4"                                    method="run()"               min=    "20,682,400" max=    "20,682,400" />
	<entry average=    "20,500,000" count=    "2" total=    "41,000,000" class="network.aion.clientpackets.CM_CHAT_MESSAGE_PUBLIC"          method="run()"               min=       "771,600" max=    "40,228,400" />
	<entry average=    "14,219,200" count=    "1" total=    "14,219,200" class="network.aion.serverpackets.SM_CASTSPELL_RESULT"             method="runImpl()"           min=    "14,219,200" max=    "14,219,200" />
	<entry average=     "8,752,037" count=   "40" total=   "350,081,500" class="ai2.handler.AggroEventHandler$AggroNotifier"                method="run()"               min=        "87,200" max=    "79,766,200" />
	<entry average=     "8,643,800" count=    "1" total=     "8,643,800" class="cardinal.CardinalManager$$Lambda$9/1144047668"              method="run()"               min=     "8,643,800" max=     "8,643,800" />
	<entry average=     "8,112,500" count=    "1" total=     "8,112,500" class="network.aion.serverpackets.SM_UPDATE_PLAYER_APPEARANCE"     method="runImpl()"           min=     "8,112,500" max=     "8,112,500" />
	<entry average=     "5,756,725" count=   "24" total=   "138,161,400" class="network.aion.clientpackets.CM_MOVE"                         method="run()"               min=       "150,400" max=    "71,284,800" />
	<entry average=     "5,231,300" count=    "1" total=     "5,231,300" class="services.mail.MailService$MailLoadTask"                     method="run()"               min=     "5,231,300" max=     "5,231,300" />
	<entry average=     "5,139,633" count=    "3" total=    "15,418,900" class="services.event.EventService$2"                              method="run()"               min=     "3,728,500" max=     "7,707,800" />
	<entry average=     "4,021,790" count=   "10" total=    "40,217,900" class="services.BrokerService$1"                                   method="run()"               min=        "17,000" max=    "39,854,300" />
	<entry average=     "3,850,300" count=    "1" total=     "3,850,300" class="services.custom.ffa.FfaPlayers$1"                           method="run()"               min=     "3,850,300" max=     "3,850,300" />
	<entry average=     "3,666,000" count=    "1" total=     "3,666,000" class="network.aion.clientpackets.CM_ENTER_WORLD"                  method="run()"               min=     "3,666,000" max=     "3,666,000" />
	<entry average=     "3,470,600" count=    "1" total=     "3,470,600" class="network.aion.clientpackets.CM_MAC_ADDRESS"                  method="run()"               min=     "3,470,600" max=     "3,470,600" />
	<entry average=     "3,393,600" count=    "1" total=     "3,393,600" class="eventengine.events.EventManager$1"                          method="run()"               min=     "3,393,600" max=     "3,393,600" />
	<entry average=     "3,166,300" count=    "1" total=     "3,166,300" class="eventengine.events.EventManager$2"                          method="run()"               min=     "3,166,300" max=     "3,166,300" />
	<entry average=     "2,995,300" count=    "1" total=     "2,995,300" class="network.loginserver.clientpackets.CM_GS_CHARACTER_RESPONSE" method="run()"               min=     "2,995,300" max=     "2,995,300" />
	<entry average=     "2,869,200" count=    "1" total=     "2,869,200" class="network.aion.serverpackets.SM_VERSION_CHECK"                method="runImpl()"           min=     "2,869,200" max=     "2,869,200" />
	<entry average=     "2,784,800" count=    "1" total=     "2,784,800" class="network.aion.clientpackets.CM_VERSION_CHECK"                method="run()"               min=     "2,784,800" max=     "2,784,800" />
	<entry average=     "2,571,300" count=    "1" total=     "2,571,300" class="network.aion.clientpackets.CM_CHARACTER_LIST"               method="run()"               min=     "2,571,300" max=     "2,571,300" />
	<entry average=     "2,449,500" count=    "1" total=     "2,449,500" class="services.WeatherService$1"                                  method="run()"               min=     "2,449,500" max=     "2,449,500" />
	<entry average=     "2,356,700" count=    "1" total=     "2,356,700" class="services.SurveyService$TaskUpdate"                          method="run()"               min=     "2,356,700" max=     "2,356,700" />
	<entry average=     "1,912,600" count=    "1" total=     "1,912,600" class="services.teleport.TeleportService2$1"                       method="run()"               min=     "1,912,600" max=     "1,912,600" />
	<entry average=     "1,835,050" count=    "2" total=     "3,670,100" class="world.MapRegion$2"                                          method="run()"               min=       "124,900" max=     "3,545,200" />
	<entry average=     "1,832,500" count=    "1" total=     "1,832,500" class="spawnengine.InstanceRiftSpawnManager$1"                     method="run()"               min=     "1,832,500" max=     "1,832,500" />
	<entry average=     "1,631,175" count=    "4" total=     "6,524,700" class="java.lang.Thread"                                           method="run()"               min=       "852,600" max=     "3,356,100" />
	<entry average=     "1,485,200" count=    "1" total=     "1,485,200" class="services.ClassChangeService$1"                              method="run()"               min=     "1,485,200" max=     "1,485,200" />
	<entry average=     "1,424,500" count=    "1" total=     "1,424,500" class="services.custom.PvPLocationService$1"                       method="run()"               min=     "1,424,500" max=     "1,424,500" />
	<entry average=     "1,408,300" count=    "1" total=     "1,408,300" class="network.aion.serverpackets.SM_SIEGE_LOCATION_INFO"          method="runImpl()"           min=     "1,408,300" max=     "1,408,300" />
	<entry average=     "1,370,277" count=    "9" total=    "12,332,500" class="services.RespawnService$RespawnTask"                        method="run()"               min=       "776,800" max=     "3,256,600" />
	<entry average=     "1,278,000" count=    "1" total=     "1,278,000" class="eventengine.events.EventManager$4"                          method="run()"               min=     "1,278,000" max=     "1,278,000" />
	<entry average=     "1,176,442" count=   "21" total=    "24,705,300" class="services.RespawnService$DecayTask"                          method="run()"               min=       "382,600" max=    "13,113,100" />
	<entry average=     "1,074,000" count=    "1" total=     "1,074,000" class="network.loginserver.clientpackets.CM_GS_AUTH_RESPONSE"      method="run()"               min=     "1,074,000" max=     "1,074,000" />
	<entry average=     "1,054,911" count=    "9" total=     "9,494,200" class="model.gameobjects.player.Player"                            method="packetBroadcast()"   min=        "80,000" max=     "5,525,700" />
	<entry average=     "1,036,000" count=    "1" total=     "1,036,000" class="services.SiegeService$6"                                    method="run()"               min=     "1,036,000" max=     "1,036,000" />
	<entry average=       "999,714" count=  "622" total=   "621,822,600" class="ai2.manager.SimpleAttackManager$SimpleAttackAction"         method="run()"               min=           "400" max=    "57,235,600" />
	<entry average=       "886,156" count=  "197" total=   "174,572,800" class="ai2.manager.WalkManager$2"                                  method="run()"               min=         "6,000" max=     "9,195,500" />
	<entry average=       "873,152" count=   "17" total=    "14,843,600" class="skillengine.effect.HideEffect$1"                            method="run()"               min=         "1,200" max=     "1,619,200" />
	<entry average=       "858,800" count=    "1" total=       "858,800" class="network.aion.serverpackets.SM_KEY"                          method="runImpl()"           min=       "858,800" max=       "858,800" />
	<entry average=       "649,000" count=    "1" total=       "649,000" class="network.aion.serverpackets.SM_PRICES"                       method="runImpl()"           min=       "649,000" max=       "649,000" />
	<entry average=       "639,850" count=    "4" total=     "2,559,400" class="services.LifeStatsRestoreService$HpMpRestoreTask"           method="run()"               min=        "36,700" max=     "2,241,500" />
	<entry average=       "622,600" count=   "19" total=    "11,829,400" class="model.gameobjects.player.Player"                            method="notifyOnMove()"      min=        "33,500" max=     "9,130,600" />
	<entry average=       "494,200" count=    "2" total=       "988,400" class="network.aion.serverpackets.SM_PLAYER_INFO"                  method="runImpl()"           min=       "438,300" max=       "550,100" />
	<entry average=       "470,400" count=    "1" total=       "470,400" class="network.aion.clientpackets.CM_SHOW_BLOCKLIST"               method="run()"               min=       "470,400" max=       "470,400" />
	<entry average=       "441,300" count=    "1" total=       "441,300" class="network.aion.clientpackets.CM_SHOW_FRIENDLIST"              method="run()"               min=       "441,300" max=       "441,300" />
	<entry average=       "420,384" count=   "13" total=     "5,465,000" class="model.gameobjects.player.Player"                            method="ZoneUpdateService()" min=        "15,800" max=     "4,255,100" />
	<entry average=       "388,500" count=    "1" total=       "388,500" class="services.custom.ffa.FfaPlayers$2"                           method="run()"               min=       "388,500" max=       "388,500" />
	<entry average=       "384,646" count="1,200" total=   "461,576,300" class="taskmanager.tasks.MovementNotifyTask"                       method="run()"               min=         "2,300" max=    "40,070,800" />
	<entry average=       "364,430" count=   "10" total=     "3,644,300" class="services.DanceService$1$1"                                  method="run()"               min=        "32,700" max=     "2,773,900" />
	<entry average=       "339,987" count="6,172" total= "2,098,400,600" class="taskmanager.tasks.MoveTaskManager"                          method="run()"               min=         "1,600" max=    "96,630,900" />
	<entry average=       "296,100" count=    "1" total=       "296,100" class="network.aion.serverpackets.SM_QUESTIONNAIRE"                method="runImpl()"           min=       "296,100" max=       "296,100" />
	<entry average=       "293,600" count=    "1" total=       "293,600" class="network.aion.clientpackets.CM_MAY_LOGIN_INTO_GAME"          method="run()"               min=       "293,600" max=       "293,600" />
	<entry average=       "293,200" count=    "3" total=       "879,600" class="network.aion.clientpackets.CM_INSTANCE_INFO"                method="run()"               min=        "81,500" max=       "536,900" />
	<entry average=       "259,000" count=    "3" total=       "777,000" class="network.aion.serverpackets.SM_UI_SETTINGS"                  method="runImpl()"           min=       "254,700" max=       "263,000" />
	<entry average=       "245,200" count=    "1" total=       "245,200" class="network.aion.clientpackets.CM_TARGET_SELECT"                method="run()"               min=       "245,200" max=       "245,200" />
	<entry average=       "233,500" count=    "2" total=       "467,000" class="network.aion.clientpackets.CM_FRIEND_STATUS"                method="run()"               min=       "149,400" max=       "317,600" />
	<entry average=       "219,172" count=   "69" total=    "15,122,900" class="network.aion.serverpackets.SM_STATS_INFO"                   method="runImpl()"           min=        "58,200" max=     "2,134,900" />
	<entry average=       "218,700" count=    "2" total=       "437,400" class="network.aion.serverpackets.SM_INVENTORY_UPDATE_ITEM"        method="runImpl()"           min=        "23,700" max=       "413,700" />
	<entry average=       "210,600" count=    "1" total=       "210,600" class="network.aion.clientpackets.CM_L2AUTH_LOGIN_CHECK"           method="run()"               min=       "210,600" max=       "210,600" />
	<entry average=       "203,585" count=    "7" total=     "1,425,100" class="network.aion.clientpackets.CM_EMOTION"                      method="run()"               min=       "121,700" max=       "356,400" />
	<entry average=       "187,020" count=   "10" total=     "1,870,200" class="network.aion.clientpackets.CM_TIME_CHECK"                   method="run()"               min=        "53,600" max=       "949,600" />
	<entry average=       "171,300" count=    "1" total=       "171,300" class="network.aion.serverpackets.SM_MAIL_SERVICE"                 method="runImpl()"           min=       "171,300" max=       "171,300" />
	<entry average=       "163,750" count=    "2" total=       "327,500" class="network.aion.serverpackets.SM_INVENTORY_INFO"               method="runImpl()"           min=       "127,000" max=       "200,500" />
	<entry average=       "154,650" count=    "4" total=       "618,600" class="network.aion.clientpackets.CM_MOVE_ITEM"                    method="run()"               min=         "1,700" max=       "595,400" />
	<entry average=       "148,700" count=    "9" total=     "1,338,300" class="services.NpcShoutsService$2"                                method="run()"               min=           "300" max=     "1,330,000" />
	<entry average=       "141,715" count="1,202" total=   "170,342,400" class="world.zone.ZoneUpdateService"                               method="run()"               min=           "900" max=    "60,344,200" />
	<entry average=       "130,252" count=   "23" total=     "2,995,800" class="services.LifeStatsRestoreService$HpRestoreTask"             method="run()"               min=        "13,200" max=     "1,039,900" />
	<entry average=       "121,500" count=    "3" total=       "364,500" class="network.aion.serverpackets.SM_DIALOG_WINDOW"                method="runImpl()"           min=         "4,300" max=       "352,500" />
	<entry average=       "113,100" count=    "1" total=       "113,100" class="network.aion.clientpackets.CM_TELEPORT_DONE"                method="run()"               min=       "113,100" max=       "113,100" />
	<entry average=       "111,300" count=    "1" total=       "111,300" class="network.aion.serverpackets.SM_FORTRESS_STATUS"              method="runImpl()"           min=       "111,300" max=       "111,300" />
	<entry average=       "108,100" count=   "11" total=     "1,189,100" class="services.DanceService$1"                                    method="run()"               min=        "34,200" max=       "660,000" />
	<entry average=       "103,443" count=  "121" total=    "12,516,700" class="utils.gametime.GameTimeUpdater"                             method="run()"               min=         "2,100" max=     "7,805,400" />
	<entry average=        "96,019" count=   "31" total=     "2,976,600" class="network.aion.serverpackets.SM_MESSAGE"                      method="runImpl()"           min=         "3,100" max=     "1,846,500" />
	<entry average=        "83,200" count=    "1" total=        "83,200" class="network.aion.serverpackets.SM_ICON_INFO"                    method="runImpl()"           min=        "83,200" max=        "83,200" />
	<entry average=        "82,900" count=    "1" total=        "82,900" class="network.aion.serverpackets.SM_L2AUTH_LOGIN_CHECK"           method="runImpl()"           min=        "82,900" max=        "82,900" />
	<entry average=        "81,150" count=    "2" total=       "162,300" class="network.aion.clientpackets.CM_SHOW_MAP"                     method="run()"               min=        "66,400" max=        "95,900" />
	<entry average=        "74,400" count=    "1" total=        "74,400" class="network.aion.serverpackets.SM_DISPUTE_LAND"                 method="runImpl()"           min=        "74,400" max=        "74,400" />
	<entry average=        "72,600" count=    "1" total=        "72,600" class="network.aion.serverpackets.SM_HOUSE_OWNER_INFO"             method="runImpl()"           min=        "72,600" max=        "72,600" />
	<entry average=        "72,200" count=    "1" total=        "72,200" class="network.aion.serverpackets.SM_EMOTION_LIST"                 method="runImpl()"           min=        "72,200" max=        "72,200" />
	<entry average=        "71,300" count=    "1" total=        "71,300" class="network.aion.serverpackets.SM_SKILL_COOLDOWN"               method="runImpl()"           min=        "71,300" max=        "71,300" />
	<entry average=        "70,300" count=    "1" total=        "70,300" class="network.aion.clientpackets.CM_CASTSPELL"                    method="run()"               min=        "70,300" max=        "70,300" />
	<entry average=        "69,900" count=    "1" total=        "69,900" class="network.aion.serverpackets.SM_INFLUENCE_RATIO"              method="runImpl()"           min=        "69,900" max=        "69,900" />
	<entry average=        "58,500" count=    "1" total=        "58,500" class="network.aion.serverpackets.SM_QUEST_COMPLETED_LIST"         method="runImpl()"           min=        "58,500" max=        "58,500" />
	<entry average=        "58,062" count=   "27" total=     "1,567,700" class="ai2.manager.WalkManager$1"                                  method="run()"               min=         "5,700" max=     "1,005,600" />
	<entry average=        "55,451" count=  "796" total=    "44,139,000" class="taskmanager.tasks.PlayerMoveTaskManager"                    method="run()"               min=           "700" max=    "38,589,900" />
	<entry average=        "55,100" count=    "1" total=        "55,100" class="network.aion.serverpackets.SM_FAST_TRACK"                   method="runImpl()"           min=        "55,100" max=        "55,100" />
	<entry average=        "54,700" count=    "1" total=        "54,700" class="network.aion.serverpackets.SM_BLOCK_LIST"                   method="runImpl()"           min=        "54,700" max=        "54,700" />
	<entry average=        "53,100" count=    "1" total=        "53,100" class="network.aion.serverpackets.SM_MACRO_LIST"                   method="runImpl()"           min=        "53,100" max=        "53,100" />
	<entry average=        "52,140" count="7,683" total=   "400,594,100" class="model.gameobjects.Npc"                                      method="notifyOnMove()"      min=             "0" max=    "38,099,700" />
	<entry average=        "51,925" count=    "4" total=       "207,700" class="network.aion.serverpackets.SM_INSTANCE_INFO"                method="runImpl()"           min=        "17,100" max=        "87,800" />
	<entry average=        "51,400" count=    "1" total=        "51,400" class="services.SiegeService$3"                                    method="run()"               min=        "51,400" max=        "51,400" />
	<entry average=        "46,500" count=    "1" total=        "46,500" class="network.aion.clientpackets.CM_PLAYER_LISTENER"              method="run()"               min=        "46,500" max=        "46,500" />
	<entry average=        "46,000" count=    "1" total=        "46,000" class="network.aion.serverpackets.SM_QUEST_LIST"                   method="runImpl()"           min=        "46,000" max=        "46,000" />
	<entry average=        "44,884" count=  "340" total=    "15,260,800" class="network.aion.serverpackets.SM_NPC_INFO"                     method="runImpl()"           min=         "5,100" max=       "835,500" />
	<entry average=        "44,700" count=    "1" total=        "44,700" class="network.aion.serverpackets.SM_MAY_LOGIN_INTO_GAME"          method="runImpl()"           min=        "44,700" max=        "44,700" />
	<entry average=        "39,900" count=    "1" total=        "39,900" class="network.aion.serverpackets.SM_FRIEND_LIST"                  method="runImpl()"           min=        "39,900" max=        "39,900" />
	<entry average=        "39,300" count=    "1" total=        "39,300" class="network.aion.serverpackets.SM_PONG"                         method="runImpl()"           min=        "39,300" max=        "39,300" />
	<entry average=        "37,650" count=    "2" total=        "75,300" class="network.aion.serverpackets.SM_MARK_FRIENDLIST"              method="runImpl()"           min=        "18,800" max=        "56,500" />
	<entry average=        "36,800" count=    "1" total=        "36,800" class="network.aion.serverpackets.SM_SERVER_IDS"                   method="runImpl()"           min=        "36,800" max=        "36,800" />
	<entry average=        "36,200" count=    "1" total=        "36,200" class="network.aion.serverpackets.SM_ABYSS_RANK"                   method="runImpl()"           min=        "36,200" max=        "36,200" />
	<entry average=        "34,100" count=    "1" total=        "34,100" class="network.aion.serverpackets.SM_MEGAPHONE"                    method="runImpl()"           min=        "34,100" max=        "34,100" />
	<entry average=        "31,600" count=    "1" total=        "31,600" class="network.aion.serverpackets.SM_BIND_POINT_INFO"              method="runImpl()"           min=        "31,600" max=        "31,600" />
	<entry average=        "29,500" count=    "1" total=        "29,500" class="network.aion.serverpackets.SM_ACCOUNT_PROPERTIES"           method="runImpl()"           min=        "29,500" max=        "29,500" />
	<entry average=        "27,900" count=    "3" total=        "83,700" class="network.aion.serverpackets.SM_MOTION"                       method="runImpl()"           min=        "17,500" max=        "37,700" />
	<entry average=        "27,350" count=   "10" total=       "273,500" class="services.SerialKillerService$1"                             method="run()"               min=         "4,900" max=       "183,600" />
	<entry average=        "26,850" count=    "2" total=        "53,700" class="network.aion.serverpackets.SM_ABNORMAL_STATE"               method="runImpl()"           min=        "15,200" max=        "38,500" />
	<entry average=        "24,312" count=   "75" total=     "1,823,400" class="network.aion.serverpackets.SM_NEARBY_QUESTS"                method="runImpl()"           min=         "9,100" max=       "591,200" />
	<entry average=        "21,800" count=    "1" total=        "21,800" class="network.aion.serverpackets.SM_STATUPDATE_HP"                method="runImpl()"           min=        "21,800" max=        "21,800" />
	<entry average=        "21,425" count=    "4" total=        "85,700" class="network.aion.serverpackets.SM_RIFT_ANNOUNCE"                method="runImpl()"           min=         "4,800" max=        "48,900" />
	<entry average=        "20,848" count=  "370" total=     "7,713,800" class="ai.siege.SpringAI2$1"                                       method="run()"               min=           "600" max=       "274,300" />
	<entry average=        "20,600" count=    "1" total=        "20,600" class="network.aion.serverpackets.SM_PETITION"                     method="runImpl()"           min=        "20,600" max=        "20,600" />
	<entry average=        "20,167" count="3,009" total=    "60,684,200" class="taskmanager.tasks.PacketBroadcaster"                        method="run()"               min=         "1,400" max=     "7,997,300" />
	<entry average=        "19,100" count=    "3" total=        "57,300" class="network.aion.serverpackets.SM_TITLE_INFO"                   method="runImpl()"           min=         "6,800" max=        "35,300" />
	<entry average=        "18,900" count=    "1" total=        "18,900" class="network.aion.serverpackets.SM_WEATHER"                      method="runImpl()"           min=        "18,900" max=        "18,900" />
	<entry average=        "18,800" count=    "1" total=        "18,800" class="network.aion.serverpackets.SM_GAME_TIME"                    method="runImpl()"           min=        "18,800" max=        "18,800" />
	<entry average=        "18,542" count=  "120" total=     "2,225,100" class="services.ExchangeService$ExchangePeriodicTaskManager"       method="run()"               min=         "1,500" max=       "750,600" />
	<entry average=        "17,410" count=   "64" total=     "1,114,300" class="ai.siege.IncarnateAI2$1"                                    method="run()"               min=           "400" max=       "474,300" />
	<entry average=        "16,600" count=    "1" total=        "16,600" class="network.aion.serverpackets.SM_CASTSPELL"                    method="runImpl()"           min=        "16,600" max=        "16,600" />
	<entry average=        "16,200" count=    "1" total=        "16,200" class="network.aion.serverpackets.SM_TELEPORT_LOC"                 method="runImpl()"           min=        "16,200" max=        "16,200" />
	<entry average=        "16,200" count=    "2" total=        "32,400" class="network.aion.serverpackets.SM_FRIEND_STATUS"                method="runImpl()"           min=        "15,500" max=        "16,900" />
	<entry average=        "15,785" count="7,706" total=   "121,644,600" class="model.gameobjects.Npc"                                      method="ZoneUpdateService()" min=           "500" max=    "59,403,600" />
	<entry average=        "14,916" count=    "6" total=        "89,500" class="network.aion.serverpackets.SM_SIEGE_LOCATION_STATE"         method="runImpl()"           min=        "12,900" max=        "19,200" />
	<entry average=        "14,100" count=    "1" total=        "14,100" class="network.aion.serverpackets.SM_ENTER_WORLD_CHECK"            method="runImpl()"           min=        "14,100" max=        "14,100" />
	<entry average=        "13,271" count=   "45" total=       "597,200" class="network.aion.serverpackets.SM_SYSTEM_MESSAGE"               method="runImpl()"           min=         "5,200" max=       "212,300" />
	<entry average=        "12,600" count=    "1" total=        "12,600" class="network.aion.serverpackets.SM_RECIPE_LIST"                  method="runImpl()"           min=        "12,600" max=        "12,600" />
	<entry average=        "12,166" count=    "3" total=        "36,500" class="network.aion.serverpackets.SM_LEARN_RECIPE"                 method="runImpl()"           min=         "8,900" max=        "17,300" />
	<entry average=        "12,075" count=    "4" total=        "48,300" class="network.aion.serverpackets.SM_PLAYER_STATE"                 method="runImpl()"           min=         "4,800" max=        "21,600" />
	<entry average=        "11,440" count=  "178" total=     "2,036,400" class="network.aion.serverpackets.SM_EMOTION"                      method="runImpl()"           min=           "600" max=     "1,206,700" />
	<entry average=        "10,640" count=    "5" total=        "53,200" class="network.aion.serverpackets.SM_SERIAL_KILLER"                method="runImpl()"           min=         "2,200" max=        "26,000" />
	<entry average=        "10,400" count=    "6" total=        "62,400" class="network.aion.serverpackets.SM_CUBE_UPDATE"                  method="runImpl()"           min=         "3,000" max=        "26,800" />
	<entry average=        "10,150" count=  "100" total=     "1,015,000" class="services.BrokerService$BrokerPeriodicTaskManager"           method="run()"               min=           "900" max=       "283,700" />
	<entry average=         "9,900" count=    "2" total=        "19,800" class="network.aion.serverpackets.SM_CHANNEL_INFO"                 method="runImpl()"           min=         "4,900" max=        "14,900" />
	<entry average=         "9,800" count=    "1" total=         "9,800" class="network.aion.serverpackets.SM_TARGET_SELECTED"              method="runImpl()"           min=         "9,800" max=         "9,800" />
	<entry average=         "9,763" count=  "670" total=     "6,541,300" class="network.aion.serverpackets.SM_ATTACK"                       method="runImpl()"           min=         "1,200" max=       "176,500" />
	<entry average=         "9,278" count="8,441" total=    "78,320,700" class="services.NpcShoutsService$1"                                method="run()"               min=           "500" max=     "1,746,300" />
	<entry average=         "9,218" count=  "766" total=     "7,061,300" class="network.aion.serverpackets.SM_MOVE"                         method="runImpl()"           min=           "500" max=       "367,300" />
	<entry average=         "9,050" count=    "2" total=        "18,100" class="network.aion.serverpackets.SM_STATUPDATE_EXP"               method="runImpl()"           min=         "2,200" max=        "15,900" />
	<entry average=         "8,885" count=    "7" total=        "62,200" class="network.aion.clientpackets.CM_CHAT_AUTH"                    method="run()"               min=         "3,100" max=        "21,000" />
	<entry average=         "8,660" count=   "10" total=        "86,600" class="network.aion.serverpackets.SM_TIME_CHECK"                   method="runImpl()"           min=         "2,600" max=        "26,100" />
	<entry average=         "7,900" count=    "1" total=         "7,900" class="network.aion.serverpackets.SM_FLY_TIME"                     method="runImpl()"           min=         "7,900" max=         "7,900" />
	<entry average=         "7,666" count=    "3" total=        "23,000" class="network.aion.serverpackets.SM_STATUPDATE_MP"                method="runImpl()"           min=         "2,200" max=        "15,800" />
	<entry average=         "7,110" count=   "20" total=       "142,200" class="network.aion.serverpackets.SM_GATHERABLE_INFO"              method="runImpl()"           min=         "1,800" max=        "51,800" />
	<entry average=         "6,627" count=   "68" total=       "450,700" class="network.aion.serverpackets.SM_QUEST_ACTION"                 method="runImpl()"           min=         "1,400" max=        "59,600" />
	<entry average=         "6,042" count=   "84" total=       "507,600" class="network.aion.serverpackets.SM_LOOKATOBJECT"                 method="runImpl()"           min=           "900" max=       "190,400" />
	<entry average=         "5,972" count=  "647" total=     "3,864,400" class="network.aion.serverpackets.SM_ATTACK_STATUS"                method="runImpl()"           min=           "500" max=       "525,000" />
	<entry average=         "5,393" count="1,021" total=     "5,506,300" class="model.gameobjects.Npc"                                      method="packetBroadcast()"   min=         "1,500" max=       "637,200" />
	<entry average=         "5,222" count=   "36" total=       "188,000" class="network.aion.serverpackets.SM_DELETE"                       method="runImpl()"           min=           "900" max=        "26,900" />
	<entry average=         "4,650" count=   "65" total=       "302,300" class="network.aion.serverpackets.SM_LEVEL_UPDATE"                 method="runImpl()"           min=         "1,400" max=        "37,200" />
	<entry average=         "4,468" count=   "32" total=       "143,000" class="network.aion.serverpackets.SM_FORTRESS_INFO"                method="runImpl()"           min=         "1,700" max=        "33,600" />
	<entry average=         "3,017" count=  "913" total=     "2,755,400" class="network.aion.serverpackets.SM_SKILL_LIST"                   method="runImpl()"           min=           "900" max=       "222,700" />
	<entry average=         "2,000" count=    "1" total=         "2,000" class="network.loginserver.clientpackets.CM_MACBAN_LIST"           method="run()"               min=         "2,000" max=         "2,000" />
	<entry average=         "1,867" count=  "216" total=       "403,400" class="services.LimitedItemTradeService$1"                         method="run()"               min=           "800" max=        "24,000" />
</entries>
